Job "./ezdyson_linux.exe AgF.xml" has been started: Tue Jun  3 12:38:24 2025

Starting ezDyson version 5.0

Starting AO BASIS: Reading the atom and basis set information 

Number of atoms: 2
Reading purecart: 1111

Standard geometry
 atom         X             Y             Z
   1      0.000000      0.000000      0.975000
   2      0.000000      0.000000     -0.975000

AO basis
 atom  AO    NctG ctrG  L    ia   ja   ka       exp           coef        coeff_norm
    1    1    1    3    0    0    0    0   4.744522E+03   1.543290E-01   6.287846E+01
    1    1    2    3    0    0    0    0   8.642205E+02   5.353281E-01   6.081330E+01
    1    1    3    3    0    0    0    0   2.338918E+02   4.446345E-01   1.895285E+01
    1    2    1    3    0    0    0    0   4.149652E+02  -9.996723E-02  -6.550531E+00
    1    2    2    3    0    0    0    0   9.642899E+01   3.995128E-01   8.761865E+00
    1    2    3    3    0    0    0    0   3.136170E+01   7.001155E-01   6.612710E+00
    1    3    1    3    1    1    0    0   4.149652E+02   1.559163E-01   4.162422E+02
    1    3    2    3    1    1    0    0   9.642899E+01   6.076837E-01   2.617443E+02
    1    3    3    3    1    1    0    0   3.136170E+01   3.919574E-01   4.146469E+01
    1    4    1    3    1    0    1    0   4.149652E+02   1.559163E-01   4.162422E+02
    1    4    2    3    1    0    1    0   9.642899E+01   6.076837E-01   2.617443E+02
    1    4    3    3    1    0    1    0   3.136170E+01   3.919574E-01   4.146469E+01
    1    5    1    3    1    0    0    1   4.149652E+02   1.559163E-01   4.162422E+02
    1    5    2    3    1    0    0    1   9.642899E+01   6.076837E-01   2.617443E+02
    1    5    3    3    1    0    0    1   3.136170E+01   3.919574E-01   4.146469E+01
    1    6    1    3    0    0    0    0   4.941049E+01  -2.277635E-01  -3.025231E+00
    1    6    2    3    0    0    0    0   1.507177E+01   2.175436E-01   1.185986E+00
    1    6    3    3    0    0    0    0   5.815159E+00   9.166770E-01   2.446513E+00
    1    7    1    3    1    1    0    0   4.941049E+01   4.951510E-03   9.245952E-01
    1    7    2    3    1    1    0    0   1.507177E+01   5.777665E-01   2.445670E+01
    1    7    3    3    1    1    0    0   5.815159E+00   4.846460E-01   6.238307E+00
    1    8    1    3    1    0    1    0   4.941049E+01   4.951510E-03   9.245952E-01
    1    8    2    3    1    0    1    0   1.507177E+01   5.777665E-01   2.445670E+01
    1    8    3    3    1    0    1    0   5.815159E+00   4.846460E-01   6.238307E+00
    1    9    1    3    1    0    0    1   4.941049E+01   4.951510E-03   9.245952E-01
    1    9    2    3    1    0    0    1   1.507177E+01   5.777665E-01   2.445670E+01
    1    9    3    3    1    0    0    1   5.815159E+00   4.846460E-01   6.238307E+00
    1   10    1    3    2    1    1    0   4.941049E+01   2.197679E-01   5.769231E+02
    1   10    2    3    2    1    1    0   1.507177E+01   6.555474E-01   2.154576E+02
    1   10    3    3    2    1    1    0   5.815159E+00   2.865733E-01   1.779051E+01
    1   11    1    3    2    0    1    1   4.941049E+01   2.197679E-01   5.769231E+02
    1   11    2    3    2    0    1    1   1.507177E+01   6.555474E-01   2.154576E+02
    1   11    3    3    2    0    1    1   5.815159E+00   2.865733E-01   1.779051E+01
    1   12    1    3    2    0    0    0   4.941049E+01   2.197679E-01   3.330867E+02
    1   12    2    3    2    0    0    0   1.507177E+01   6.555474E-01   1.243945E+02
    1   12    3    3    2    0    0    0   5.815159E+00   2.865733E-01   1.027136E+01
    1   13    1    3    2    1    0    1   4.941049E+01   2.197679E-01   5.769231E+02
    1   13    2    3    2    1    0    1   1.507177E+01   6.555474E-01   2.154576E+02
    1   13    3    3    2    1    0    1   5.815159E+00   2.865733E-01   1.779051E+01
    1   14    1    3    2    0    0    0   4.941049E+01   2.197679E-01   3.330867E+02
    1   14    2    3    2    0    0    0   1.507177E+01   6.555474E-01   1.243945E+02
    1   14    3    3    2    0    0    0   5.815159E+00   2.865733E-01   1.027136E+01
    1   15    1    3    0    0    0    0   5.290230E+00  -3.306101E-01  -7.910348E-01
    1   15    2    3    0    0    0    0   2.059988E+00   5.761095E-02   6.794808E-02
    1   15    3    3    0    0    0    0   9.068119E-01   1.155787E+00   7.366980E-01
    1   16    1    3    1    1    0    0   5.290230E+00  -1.283928E-01  -1.468331E+00
    1   16    2    3    1    1    0    0   2.059988E+00   5.852048E-01   2.058633E+00
    1   16    3    3    1    1    0    0   9.068119E-01   5.439442E-01   6.861056E-01
    1   17    1    3    1    0    1    0   5.290230E+00  -1.283928E-01  -1.468331E+00
    1   17    2    3    1    0    1    0   2.059988E+00   5.852048E-01   2.058633E+00
    1   17    3    3    1    0    1    0   9.068119E-01   5.439442E-01   6.861056E-01
    1   18    1    3    1    0    0    1   5.290230E+00  -1.283928E-01  -1.468331E+00
    1   18    2    3    1    0    0    1   2.059988E+00   5.852048E-01   2.058633E+00
    1   18    3    3    1    0    0    1   9.068119E-01   5.439442E-01   6.861056E-01
    1   19    1    3    2    1    1    0   3.283396E+00   1.250662E-01   2.855458E+00
    1   19    2    3    2    1    1    0   1.278537E+00   6.686786E-01   2.930461E+00
    1   19    3    3    2    1    1    0   5.628152E-01   3.052468E-01   3.182449E-01
    1   20    1    3    2    0    1    1   3.283396E+00   1.250662E-01   2.855458E+00
    1   20    2    3    2    0    1    1   1.278537E+00   6.686786E-01   2.930461E+00
    1   20    3    3    2    0    1    1   5.628152E-01   3.052468E-01   3.182449E-01
    1   21    1    3    2    0    0    0   3.283396E+00   1.250662E-01   1.648599E+00
    1   21    2    3    2    0    0    0   1.278537E+00   6.686786E-01   1.691902E+00
    1   21    3    3    2    0    0    0   5.628152E-01   3.052468E-01   1.837388E-01
    1   22    1    3    2    1    0    1   3.283396E+00   1.250662E-01   2.855458E+00
    1   22    2    3    2    1    0    1   1.278537E+00   6.686786E-01   2.930461E+00
    1   22    3    3    2    1    0    1   5.628152E-01   3.052468E-01   3.182449E-01
    1   23    1    3    2    0    0    0   3.283396E+00   1.250662E-01   1.648599E+00
    1   23    2    3    2    0    0    0   1.278537E+00   6.686786E-01   1.691902E+00
    1   23    3    3    2    0    0    0   5.628152E-01   3.052468E-01   1.837388E-01
    1   24    1    3    0    0    0    0   4.370805E-01  -3.842643E-01  -1.472181E-01
    1   24    2    3    0    0    0    0   2.353408E-01  -1.972567E-01  -4.750233E-02
    1   24    3    3    0    0    0    0   1.039542E-01   1.375496E+00   1.794737E-01
    1   25    1    3    1    1    0    0   4.370805E-01  -3.481691E-01  -1.763730E-01
    1   25    2    3    1    1    0    0   2.353408E-01   6.290324E-01   1.469720E-01
    1   25    3    3    1    1    0    0   1.039542E-01   6.662833E-01   5.605979E-02
    1   26    1    3    1    0    1    0   4.370805E-01  -3.481691E-01  -1.763730E-01
    1   26    2    3    1    0    1    0   2.353408E-01   6.290324E-01   1.469720E-01
    1   26    3    3    1    0    1    0   1.039542E-01   6.662833E-01   5.605979E-02
    1   27    1    3    1    0    0    1   4.370805E-01  -3.481691E-01  -1.763730E-01
    1   27    2    3    1    0    0    1   2.353408E-01   6.290324E-01   1.469720E-01
    1   27    3    3    1    0    0    1   1.039542E-01   6.662833E-01   5.605979E-02
    2   28    1    3    0    0    0    0   1.666791E+02   1.543290E-01   5.102329E+00
    2   28    2    3    0    0    0    0   3.036081E+01   5.353281E-01   4.934751E+00
    2   28    3    3    0    0    0    0   8.216821E+00   4.446345E-01   1.537946E+00
    2   29    1    3    0    0    0    0   6.464803E+00  -9.996723E-02  -2.888579E-01
    2   29    2    3    0    0    0    0   1.502281E+00   3.995128E-01   3.863708E-01
    2   29    3    3    0    0    0    0   4.885885E-01   7.001155E-01   2.915998E-01
    2   30    1    3    1    1    0    0   6.464803E+00   1.559163E-01   2.291003E+00
    2   30    2    3    1    1    0    0   1.502281E+00   6.076837E-01   1.440644E+00
    2   30    3    3    1    1    0    0   4.885885E-01   3.919574E-01   2.282223E-01
    2   31    1    3    1    0    1    0   6.464803E+00   1.559163E-01   2.291003E+00
    2   31    2    3    1    0    1    0   1.502281E+00   6.076837E-01   1.440644E+00
    2   31    3    3    1    0    1    0   4.885885E-01   3.919574E-01   2.282223E-01
    2   32    1    3    1    0    0    1   6.464803E+00   1.559163E-01   2.291003E+00
    2   32    2    3    1    0    0    1   1.502281E+00   6.076837E-01   1.440644E+00
    2   32    3    3    1    0    0    1   4.885885E-01   3.919574E-01   2.282223E-01

 atom   no_basis_fns
   1         27
   2          5
-----------------------------------------------------------------------------------
AO BASIS done

Reading Dyson Orbitals

Left norm (sqrt|dyson_l x dyson_l|)=0.749300
Right norm (sqrt|dyson_r x dyson_r|)=0.749300
LeftxRight=0.561450

DysonMOs in AO basis
  AO     [LEFT]              [RIGHT]        ZERO_MAP
  1      0.00914529          0.00914529      1
  2     -0.02695380         -0.02695380      1
  3     -0.00000000         -0.00000000      0
  4     -0.00000000         -0.00000000      0
  5      0.03027397          0.03027397      1
  6      0.05837962          0.05837962      1
  7      0.00000000          0.00000000      0
  8      0.00000000          0.00000000      0
  9     -0.08040925         -0.08040925      1
 10      0.00000000          0.00000000      0
 11     -0.00000000         -0.00000000      0
 12     -0.15030731         -0.15030731      1
 13      0.00000000          0.00000000      0
 14      0.00000000          0.00000000      0
 15     -0.11709814         -0.11709814      1
 16     -0.00000000         -0.00000000      0
 17     -0.00000000         -0.00000000      0
 18      0.19094567          0.19094567      1
 19     -0.00000000         -0.00000000      0
 20      0.00000000          0.00000000      0
 21      0.55162250          0.55162250      1
 22     -0.00000000         -0.00000000      0
 23     -0.00000000         -0.00000000      0
 24      0.50646712          0.50646712      1
 25      0.00000000          0.00000000      0
 26      0.00000000          0.00000000      0
 27     -0.59631880         -0.59631880      1
 28     -0.00597134         -0.00597134      1
 29      0.07047178          0.07047178      1
 30      0.00000000          0.00000000      0
 31     -0.00000000         -0.00000000      0
 32      0.33948833          0.33948833      1
-----------------------------------------------------------------------------------
Dyson Orbital done

XYZGrid::Alloc:  0.004601 MB allocated

Printing numerical xyz information:
x   201 pts   -18.897260 to  18.897260 a.u.
y   201 pts   -18.897260 to  18.897260 a.u.
z   201 pts   -18.897260 to  18.897260 a.u.
dx dy dz:     0.188973    0.188973   0.188973 a.u.

Norm of the left Dyson orbital integrated on the grid:      1.08343075
Norm of the right Dyson orbital integrated on the grid:      1.08343075
Left-Right Norm of the Dyson orbital integrated on the grid:      1.08343075
Xavg Yavg Zavg:  -0.000000  0.000000  0.194466 a.u.
-----------------------------------------------------------------------------------
<X^2> <Y^2> <Z^2> <R^2>:  0.411357  0.411357  0.591295 1.414009 Angs
-----------------------------------------------------------------------------------
Dyson orbital centroid: -1.54172e-16 9.70896e-17 0.194466
Origin of the expansion: -0.000000 0.000000 0.194466

Shifting molecular geometry to the new center

New molecular geometry is:
 atom         X             Y             Z
   1      0.000000     -0.000000      0.872093
   2      0.000000     -0.000000     -1.077907

KLMPoints::Alloc:  0.000351 MB allocated

KLM Grid information:
Number of points: 10,  Min: 0.010000 eV,  Max: 8.000000 eV.
max l:  5
total number of l,m values to compute:  36

Calculation of overlaps: 2

Averaging scheme: 2

Other input parameters:
Spin degeneracy=2.000000. Orbital degeneracy=1.000000
IE=1.000000 eV;  Polarization=(0.000000,0.000000,1.000000)
Single-center expansion of the free-electron state is requested
Charge of ionized core for single-center calculation= 0.000000

NumEikr::Alloc:  0.000153 MB allocated
Executing CalcEikrSq on 8 threads

Conversion factors for x-sections:
Xsec(cm^-2) = Xsec(au^-2) * 2.800286E-17
Xsec(au^-2) = Xsec(cm^-2) * 3.571064E+16


PADs:
NOTE: PADs are only correct in molecular frame for Z-polarized light
____________________________________________________________
E=IE+E_k,eV   Sigma_par     Sigma_perp    Sigma_tot     beta
1.010000      0.000065      0.000064      0.000809      0.013322
1.897778      0.002925      0.001230      0.022557      0.629576
2.785556      0.008403      0.002505      0.056187      0.879353
3.673333      0.015600      0.003766      0.096900      1.023123
4.561111      0.023588      0.004849      0.139428      1.125897
5.448889      0.031033      0.005675      0.177535      1.196615
6.336667      0.037432      0.006222      0.208918      1.251544
7.224444      0.042426      0.006505      0.232208      1.295956
8.112222      0.045898      0.006562      0.247230      1.332937
9.000000      0.047906      0.006439      0.254611      1.364395

Job complete. Thank you for using ezDyson!
Job time: 362.000000 seconds

Job "./ezdyson_linux.exe AgF.xml" has been finished: Tue Jun  3 12:44:26 2025

