Job "./ezdyson_linux.exe h2_sigstar.xml" has been started: Fri May  2 12:02:19 2025

Starting ezDyson version 5.0

Starting AO BASIS: Reading the atom and basis set information 

Number of atoms: 2
Reading purecart: 1111

Standard geometry
 atom         X             Y             Z
   1      0.000000     -0.000000      0.592554
   2      0.000000     -0.000000     -0.592554

AO basis
 atom  AO    NctG ctrG  L    ia   ja   ka       exp           coef        coeff_norm
    1    1    1    3    0    0    0    0   3.425251E+00   1.543290E-01   2.769344E-01
    1    1    2    3    0    0    0    0   6.239137E-01   5.353281E-01   2.678389E-01
    1    1    3    3    0    0    0    0   1.688554E-01   4.446345E-01   8.347367E-02
    2    2    1    3    0    0    0    0   3.425251E+00   1.543290E-01   2.769344E-01
    2    2    2    3    0    0    0    0   6.239137E-01   5.353281E-01   2.678389E-01
    2    2    3    3    0    0    0    0   1.688554E-01   4.446345E-01   8.347367E-02

 atom   no_basis_fns
   1          1
   2          1
-----------------------------------------------------------------------------------
AO BASIS done

Reading Dyson Orbitals

Left norm (sqrt|dyson_l x dyson_l|)=0.972300
Right norm (sqrt|dyson_r x dyson_r|)=0.972300
LeftxRight=0.945367

DysonMOs in AO basis
  AO     [LEFT]              [RIGHT]        ZERO_MAP
  1      0.90876885          0.90876885      1
  2     -0.90876885         -0.90876885      1
-----------------------------------------------------------------------------------
Dyson Orbital done

XYZGrid::Alloc:  0.004601 MB allocated

Printing numerical xyz information:
x   201 pts   -18.897260 to  18.897260 a.u.
y   201 pts   -18.897260 to  18.897260 a.u.
z   201 pts   -18.897260 to  18.897260 a.u.
dx dy dz:     0.188973    0.188973   0.188973 a.u.

Norm of the left Dyson orbital integrated on the grid:      0.99999996
Norm of the right Dyson orbital integrated on the grid:      0.99999996
Left-Right Norm of the Dyson orbital integrated on the grid:      0.99999996
Xavg Yavg Zavg:  -0.000000  0.000000  0.000000 a.u.
-----------------------------------------------------------------------------------
<X^2> <Y^2> <Z^2> <R^2>:  0.145351  0.145351  0.677084 0.967786 Angs
-----------------------------------------------------------------------------------
Dyson orbital centroid: -3.76949e-16 1.03205e-16 1.33762e-16
Origin of the expansion: -0.000000 0.000000 0.000000

Shifting molecular geometry to the new center

New molecular geometry is:
 atom         X             Y             Z
   1      0.000000     -0.000000      0.592554
   2      0.000000     -0.000000     -0.592554

KLMPoints::Alloc:  0.000351 MB allocated

KLM Grid information:
Number of points: 10,  Min: 0.010000 eV,  Max: 8.000000 eV.
max l:  5
total number of l,m values to compute:  36

Calculation of overlaps: 2

Averaging scheme: 2

Other input parameters:
Spin degeneracy=2.000000. Orbital degeneracy=1.000000
IE=1.000000 eV;  Polarization=(0.000000,0.000000,1.000000)
Single-center expansion of the free-electron state is requested
Charge of ionized core for single-center calculation= 0.000000

NumEikr::Alloc:  0.000153 MB allocated
Executing CalcEikrSq on 8 threads

Conversion factors for x-sections:
Xsec(cm^-2) = Xsec(au^-2) * 2.800286E-17
Xsec(au^-2) = Xsec(cm^-2) * 3.571064E+16


PADs:
NOTE: PADs are only correct in molecular frame for Z-polarized light
____________________________________________________________
E=IE+E_k,eV   Sigma_par     Sigma_perp    Sigma_tot     beta
1.010000      0.000302      0.000303      0.003798     -0.002438
1.897778      0.003223      0.004587      0.051922     -0.220082
2.785556      0.003781      0.008103      0.083723     -0.432545
3.673333      0.003179      0.011190      0.107059     -0.626912
4.561111      0.002075      0.013761      0.123981     -0.789638
5.448889      0.000988      0.015812      0.136610     -0.909102
6.336667      0.000255      0.017380      0.146673     -0.978132
7.224444      0.000056      0.018520      0.155389     -0.995462
8.112222      0.000448      0.019294      0.163514     -0.965557
9.000000      0.001405      0.019762      0.171440     -0.896998

Job complete. Thank you for using ezDyson!
Job time: 214.000000 seconds

Job "./ezdyson_linux.exe h2_sigstar.xml" has been finished: Fri May  2 12:05:53 2025

