Job "./ezdyson_linux.exe o2.xml" has been started: Fri May  2 12:06:14 2025

Starting ezDyson version 5.0

Starting AO BASIS: Reading the atom and basis set information 

Number of atoms: 2
Reading purecart: 1111

Standard geometry
 atom         X             Y             Z
   1      0.000000      0.000000     -0.675000
   2      0.000000      0.000000      0.675000

AO basis
 atom  AO    NctG ctrG  L    ia   ja   ka       exp           coef        coeff_norm
    1    1    1    3    0    0    0    0   1.307093E+02   1.543290E-01   4.251943E+00
    1    1    2    3    0    0    0    0   2.380886E+01   5.353281E-01   4.112294E+00
    1    1    3    3    0    0    0    0   6.443608E+00   4.446345E-01   1.281623E+00
    1    2    1    3    0    0    0    0   5.033151E+00  -9.996723E-02  -2.394130E-01
    1    2    2    3    0    0    0    0   1.169596E+00   3.995128E-01   3.202342E-01
    1    2    3    3    0    0    0    0   3.803890E-01   7.001155E-01   2.416856E-01
    1    3    1    3    1    1    0    0   5.033151E+00   1.559163E-01   1.675450E+00
    1    3    2    3    1    1    0    0   1.169596E+00   6.076837E-01   1.053568E+00
    1    3    3    3    1    1    0    0   3.803890E-01   3.919574E-01   1.669029E-01
    1    4    1    3    1    0    1    0   5.033151E+00   1.559163E-01   1.675450E+00
    1    4    2    3    1    0    1    0   1.169596E+00   6.076837E-01   1.053568E+00
    1    4    3    3    1    0    1    0   3.803890E-01   3.919574E-01   1.669029E-01
    1    5    1    3    1    0    0    1   5.033151E+00   1.559163E-01   1.675450E+00
    1    5    2    3    1    0    0    1   1.169596E+00   6.076837E-01   1.053568E+00
    1    5    3    3    1    0    0    1   3.803890E-01   3.919574E-01   1.669029E-01
    2    6    1    3    0    0    0    0   1.307093E+02   1.543290E-01   4.251943E+00
    2    6    2    3    0    0    0    0   2.380886E+01   5.353281E-01   4.112294E+00
    2    6    3    3    0    0    0    0   6.443608E+00   4.446345E-01   1.281623E+00
    2    7    1    3    0    0    0    0   5.033151E+00  -9.996723E-02  -2.394130E-01
    2    7    2    3    0    0    0    0   1.169596E+00   3.995128E-01   3.202342E-01
    2    7    3    3    0    0    0    0   3.803890E-01   7.001155E-01   2.416856E-01
    2    8    1    3    1    1    0    0   5.033151E+00   1.559163E-01   1.675450E+00
    2    8    2    3    1    1    0    0   1.169596E+00   6.076837E-01   1.053568E+00
    2    8    3    3    1    1    0    0   3.803890E-01   3.919574E-01   1.669029E-01
    2    9    1    3    1    0    1    0   5.033151E+00   1.559163E-01   1.675450E+00
    2    9    2    3    1    0    1    0   1.169596E+00   6.076837E-01   1.053568E+00
    2    9    3    3    1    0    1    0   3.803890E-01   3.919574E-01   1.669029E-01
    2   10    1    3    1    0    0    1   5.033151E+00   1.559163E-01   1.675450E+00
    2   10    2    3    1    0    0    1   1.169596E+00   6.076837E-01   1.053568E+00
    2   10    3    3    1    0    0    1   3.803890E-01   3.919574E-01   1.669029E-01

 atom   no_basis_fns
   1          5
   2          5
-----------------------------------------------------------------------------------
AO BASIS done

Reading Dyson Orbitals

Left norm (sqrt|dyson_l x dyson_l|)=0.923400
Right norm (sqrt|dyson_r x dyson_r|)=0.940000
LeftxRight=0.867996

DysonMOs in AO basis
  AO     [LEFT]              [RIGHT]        ZERO_MAP
  1     -0.00000000         -0.00000000      0
  2      0.00000000          0.00000000      0
  3     -0.00000000         -0.00000000      0
  4     -0.74777566         -0.74777566      1
  5     -0.00000000         -0.00000000      0
  6      0.00000000          0.00000000      0
  7     -0.00000000         -0.00000000      0
  8      0.00000000          0.00000000      0
  9      0.74777566          0.74777566      1
 10      0.00000000          0.00000000      0
-----------------------------------------------------------------------------------
Dyson Orbital done

XYZGrid::Alloc:  0.004601 MB allocated

Printing numerical xyz information:
x   201 pts   -18.897260 to  18.897260 a.u.
y   201 pts   -18.897260 to  18.897260 a.u.
z   201 pts   -18.897260 to  18.897260 a.u.
dx dy dz:     0.188973    0.188973   0.188973 a.u.

Norm of the left Dyson orbital integrated on the grid:      0.99999999
Norm of the right Dyson orbital integrated on the grid:      0.99999999
Left-Right Norm of the Dyson orbital integrated on the grid:      0.99999999
Xavg Yavg Zavg:  0.000000  0.000000  0.000000 a.u.
-----------------------------------------------------------------------------------
<X^2> <Y^2> <Z^2> <R^2>:  0.077617  0.232851  0.576214 0.886682 Angs
-----------------------------------------------------------------------------------
Dyson orbital centroid: 1.72726e-16 1.73603e-16 4.34359e-16
Origin of the expansion: 0.000000 0.000000 0.000000

Shifting molecular geometry to the new center

New molecular geometry is:
 atom         X             Y             Z
   1     -0.000000     -0.000000     -0.675000
   2     -0.000000     -0.000000      0.675000

KLMPoints::Alloc:  0.000351 MB allocated

KLM Grid information:
Number of points: 10,  Min: 0.010000 eV,  Max: 8.000000 eV.
max l:  5
total number of l,m values to compute:  36

Calculation of overlaps: 2

Averaging scheme: 2

Other input parameters:
Spin degeneracy=2.000000. Orbital degeneracy=1.000000
IE=1.000000 eV;  Polarization=(0.000000,0.000000,1.000000)
Single-center expansion of the free-electron state is requested
Charge of ionized core for single-center calculation= 0.000000

NumEikr::Alloc:  0.000153 MB allocated
Executing CalcEikrSq on 8 threads

Conversion factors for x-sections:
Xsec(cm^-2) = Xsec(au^-2) * 2.800286E-17
Xsec(au^-2) = Xsec(cm^-2) * 3.571064E+16


PADs:
NOTE: PADs are only correct in molecular frame for Z-polarized light
____________________________________________________________
E=IE+E_k,eV   Sigma_par     Sigma_perp    Sigma_tot     beta
1.010000      0.000000      0.000000      0.000001      0.199206
1.897778      0.000103      0.000084      0.001138      0.137414
2.785556      0.000357      0.000320      0.004174      0.074733
3.673333      0.000724      0.000711      0.008992      0.011373
4.561111      0.001156      0.001252      0.015329     -0.052429
5.448889      0.001608      0.001926      0.022868     -0.116411
6.336667      0.002041      0.002715      0.031293     -0.180288
7.224444      0.002426      0.003599      0.040314     -0.243753
8.112222      0.002742      0.004559      0.049682     -0.306479
9.000000      0.002976      0.005577      0.059189     -0.368129

Job complete. Thank you for using ezDyson!
Job time: 214.000000 seconds

Job "./ezdyson_linux.exe o2.xml" has been finished: Fri May  2 12:09:48 2025

